ASxxxx Assembler V02.00 + NoICE + SDCC mods  (Zilog Z80 / Hitachi HD64180), page 1.
Hexadecimal [16-Bits]



                              1 ;;
                              2 ;; ENTITY MANAGER
                              3 ;;
                              4 
ASxxxx Assembler V02.00 + NoICE + SDCC mods  (Zilog Z80 / Hitachi HD64180), page 2.
Hexadecimal [16-Bits]



                              5 .include "entity_manager.h.s"
                              1 ;;
                              2 ;; ENTITY MANAGER
                              3 ;;
                              4 
                              5 
                              6 
                              7 ;; CONSTANT
                     000F     8 max_entities == 15
                              9 
                             10 ;; Accessing to each variable of entity
                     0000    11 t_type   = 0
                     0001    12 t_x      = 1
                     0002    13 t_y      = 2
                     0003    14 t_vx     = 3
                     0004    15 t_color  = 4
                     0005    16 sizeof_t = 5
                             17 
                             18 ;; Entity state
                     0000    19 e_type_invalid = 0x00
                     0001    20 e_type_star    = 0x01   ; Lower bit signals star entity
                     0080    21 e_type_dead    = 0x80   ; Upper bit signals dead entity
                     007F    22 e_type_default = 0x7F   ; Default entity (all bits = 1)
                             23 
                             24 
                             25 
                             26 ;; MACROS
                             27 ;; Define a new unknown entity
                             28 .macro Unknown_Entity_t, _type, _x, _y, _vx, _color
                             29    .db   _type
                             30    .db   _x
                             31    .db   _y
                             32    .db   _vx
                             33    .db   _color
                             34 .endm
                             35 
                             36 ;; Define a new Entity
                             37 .macro Entity_t, _name, _type, _x, _y, _vx, _color
                             38 _name::
                             39    Unknown_Entity_t _type, _x, _y, _vx, _color
                             40 .endm
                             41 
                             42 ;; Define an entities array
                             43 .macro Entity_Array _name, _N
                             44 _name::
                             45    .rept _N
                             46       Unknown_Entity_t 0xDE, 0xAD, 0xDE, 0xAD, 0xAA
                             47    .endm
                             48 .endm
                             49 
                             50 
                             51 
                             52 ;; FUNTIONS
                             53 .globl manager_entity_init
                             54 .globl manager_entity_create
ASxxxx Assembler V02.00 + NoICE + SDCC mods  (Zilog Z80 / Hitachi HD64180), page 3.
Hexadecimal [16-Bits]



                             55 .globl manager_entity_restart
                             56 .globl manager_entity_forall
                             57 .globl manager_entity_set4destruction
ASxxxx Assembler V02.00 + NoICE + SDCC mods  (Zilog Z80 / Hitachi HD64180), page 4.
Hexadecimal [16-Bits]



                              6 .include "physics_system.h.s"
                              1 ;;
                              2 ;;  PHYSICS SYSTEM
                              3 ;;
                              4 
                              5 
                              6 ;; FUNCTIONS
                              7 .globl system_physics_update_one_entity
                              8 .globl system_physics_update
ASxxxx Assembler V02.00 + NoICE + SDCC mods  (Zilog Z80 / Hitachi HD64180), page 5.
Hexadecimal [16-Bits]



                              7 .include "render_system.h.s"
                              1 ;;
                              2 ;;  PHYSICS SYSTEM
                              3 ;;
                              4 
                              5 .globl system_render_one_entity
                              6 .globl system_render_update
ASxxxx Assembler V02.00 + NoICE + SDCC mods  (Zilog Z80 / Hitachi HD64180), page 6.
Hexadecimal [16-Bits]



                              8 .include "cpctelera_functions.h.s"
                              1 ;;
                              2 ;;  CPCTELERA FUNCTIONS
                              3 ;;
                              4 
                              5 ;; GLOBAL FUNCTIONS
                              6 .globl cpct_disableFirmware_asm
                              7 .globl cpct_getScreenPtr_asm
                              8 .globl cpct_setVideoMode_asm
                              9 .globl cpct_setPALColour_asm
                             10 .globl cpct_getRandom_mxor_u8_asm
                             11 .globl cpct_waitVSYNC_asm
ASxxxx Assembler V02.00 + NoICE + SDCC mods  (Zilog Z80 / Hitachi HD64180), page 7.
Hexadecimal [16-Bits]



                              9 
                             10 
                             11 ;; Global variables
   0000 00                   12 _reserved_entities::    .db 0
   0001 04 00                13 _last_element_ptr::     .dw m_entities
   0003 00                   14 _function_forall::      .db 0
                             15 
                             16 ;; Create an empty array with all entities
   0004                      17 Entity_Array m_entities max_entities
   0004                       1 m_entities::
                              2    .rept max_entities
                              3       Unknown_Entity_t 0xDE, 0xAD, 0xDE, 0xAD, 0xAA
                              4    .endm
   0004                       1       Unknown_Entity_t 0xDE, 0xAD, 0xDE, 0xAD, 0xAA
   0004 DE                    1    .db   0xDE
   0005 AD                    2    .db   0xAD
   0006 DE                    3    .db   0xDE
   0007 AD                    4    .db   0xAD
   0008 AA                    5    .db   0xAA
   0009                       1       Unknown_Entity_t 0xDE, 0xAD, 0xDE, 0xAD, 0xAA
   0009 DE                    1    .db   0xDE
   000A AD                    2    .db   0xAD
   000B DE                    3    .db   0xDE
   000C AD                    4    .db   0xAD
   000D AA                    5    .db   0xAA
   000E                       1       Unknown_Entity_t 0xDE, 0xAD, 0xDE, 0xAD, 0xAA
   000E DE                    1    .db   0xDE
   000F AD                    2    .db   0xAD
   0010 DE                    3    .db   0xDE
   0011 AD                    4    .db   0xAD
   0012 AA                    5    .db   0xAA
   0013                       1       Unknown_Entity_t 0xDE, 0xAD, 0xDE, 0xAD, 0xAA
   0013 DE                    1    .db   0xDE
   0014 AD                    2    .db   0xAD
   0015 DE                    3    .db   0xDE
   0016 AD                    4    .db   0xAD
   0017 AA                    5    .db   0xAA
   0018                       1       Unknown_Entity_t 0xDE, 0xAD, 0xDE, 0xAD, 0xAA
   0018 DE                    1    .db   0xDE
   0019 AD                    2    .db   0xAD
   001A DE                    3    .db   0xDE
   001B AD                    4    .db   0xAD
   001C AA                    5    .db   0xAA
   001D                       1       Unknown_Entity_t 0xDE, 0xAD, 0xDE, 0xAD, 0xAA
   001D DE                    1    .db   0xDE
   001E AD                    2    .db   0xAD
   001F DE                    3    .db   0xDE
   0020 AD                    4    .db   0xAD
   0021 AA                    5    .db   0xAA
   0022                       1       Unknown_Entity_t 0xDE, 0xAD, 0xDE, 0xAD, 0xAA
   0022 DE                    1    .db   0xDE
   0023 AD                    2    .db   0xAD
   0024 DE                    3    .db   0xDE
   0025 AD                    4    .db   0xAD
   0026 AA                    5    .db   0xAA
ASxxxx Assembler V02.00 + NoICE + SDCC mods  (Zilog Z80 / Hitachi HD64180), page 8.
Hexadecimal [16-Bits]



   0027                       1       Unknown_Entity_t 0xDE, 0xAD, 0xDE, 0xAD, 0xAA
   0027 DE                    1    .db   0xDE
   0028 AD                    2    .db   0xAD
   0029 DE                    3    .db   0xDE
   002A AD                    4    .db   0xAD
   002B AA                    5    .db   0xAA
   002C                       1       Unknown_Entity_t 0xDE, 0xAD, 0xDE, 0xAD, 0xAA
   002C DE                    1    .db   0xDE
   002D AD                    2    .db   0xAD
   002E DE                    3    .db   0xDE
   002F AD                    4    .db   0xAD
   0030 AA                    5    .db   0xAA
   0031                       1       Unknown_Entity_t 0xDE, 0xAD, 0xDE, 0xAD, 0xAA
   0031 DE                    1    .db   0xDE
   0032 AD                    2    .db   0xAD
   0033 DE                    3    .db   0xDE
   0034 AD                    4    .db   0xAD
   0035 AA                    5    .db   0xAA
   0036                       1       Unknown_Entity_t 0xDE, 0xAD, 0xDE, 0xAD, 0xAA
   0036 DE                    1    .db   0xDE
   0037 AD                    2    .db   0xAD
   0038 DE                    3    .db   0xDE
   0039 AD                    4    .db   0xAD
   003A AA                    5    .db   0xAA
   003B                       1       Unknown_Entity_t 0xDE, 0xAD, 0xDE, 0xAD, 0xAA
   003B DE                    1    .db   0xDE
   003C AD                    2    .db   0xAD
   003D DE                    3    .db   0xDE
   003E AD                    4    .db   0xAD
   003F AA                    5    .db   0xAA
   0040                       1       Unknown_Entity_t 0xDE, 0xAD, 0xDE, 0xAD, 0xAA
   0040 DE                    1    .db   0xDE
   0041 AD                    2    .db   0xAD
   0042 DE                    3    .db   0xDE
   0043 AD                    4    .db   0xAD
   0044 AA                    5    .db   0xAA
   0045                       1       Unknown_Entity_t 0xDE, 0xAD, 0xDE, 0xAD, 0xAA
   0045 DE                    1    .db   0xDE
   0046 AD                    2    .db   0xAD
   0047 DE                    3    .db   0xDE
   0048 AD                    4    .db   0xAD
   0049 AA                    5    .db   0xAA
   004A                       1       Unknown_Entity_t 0xDE, 0xAD, 0xDE, 0xAD, 0xAA
   004A DE                    1    .db   0xDE
   004B AD                    2    .db   0xAD
   004C DE                    3    .db   0xDE
   004D AD                    4    .db   0xAD
   004E AA                    5    .db   0xAA
                             18 
                             19 
                             20 
   004F                      21 manager_entity_init::
   004F C9            [10]   22     ret
                             23 
                             24 
ASxxxx Assembler V02.00 + NoICE + SDCC mods  (Zilog Z80 / Hitachi HD64180), page 9.
Hexadecimal [16-Bits]



                             25 ;; Create a new Entity
                             26 ;; INPUTS
                             27 ;;      HL: Pointer to entity initializer byte of entity
                             28 ;; DESTROY
                             29 ;;      HL, DE, BC, IX, A
   0050                      30 manager_entity_create::
                             31 
                             32     ;; Copy new entity in memory
   0050 ED 5B 01 00   [20]   33     ld      de, (_last_element_ptr)
   0054 01 05 00      [10]   34     ld      bc, #sizeof_t
   0057 ED B0         [21]   35     ldir
                             36 
                             37     ;; Give a random y position
   0059 DD 2A 01 00   [20]   38     ld      ix, (_last_element_ptr)
   005D CD 00 00      [17]   39     call    cpct_getRandom_mxor_u8_asm  ; WARNING: Destroy AF, BC, DE, HL
   0060 7D            [ 4]   40     ld      a, l
   0061 DD 77 01      [19]   41     ld      t_x(ix), a
                             42 
                             43     ;; Set entity type with defult value
   0064 3E 7F         [ 7]   44     ld       a, #e_type_default
   0066 DD 77 00      [19]   45     ld      t_type(ix), a
                             46 
                             47     ;; Move the pointer to the next free entity
   0069 2A 01 00      [16]   48     ld      hl, (_last_element_ptr)
   006C 01 05 00      [10]   49     ld      bc, #sizeof_t
   006F 09            [11]   50     add     hl, bc
   0070 22 01 00      [16]   51     ld      (_last_element_ptr), hl
                             52 
                             53     ;; Increment the total count of entities in the array
   0073 3A 00 00      [13]   54     ld      a, (_reserved_entities)
   0076 3C            [ 4]   55     inc     a
   0077 32 00 00      [13]   56     ld      (_reserved_entities), a
                             57 
   007A CD 00 00      [17]   58     call    cpct_getRandom_mxor_u8_asm
                             59     
   007D C9            [10]   60     ret
                             61 
                             62 
                             63 
                             64 ;; Travel the entities array for updating each one
                             65 ;; INPUTS
                             66 ;;      C: Funtion to execute (1-Physics or 0-Render)
                             67 ;; DESTROY
                             68 ;;      A, IX, DE
   007E                      69 manager_entity_forall::
                             70 
   007E 79            [ 4]   71     ld      a, c
   007F 32 03 00      [13]   72     ld      (_function_forall), a
   0082 3A 00 00      [13]   73     ld      a, (_reserved_entities) ; Num of entities
   0085 DD 21 04 00   [14]   74     ld     ix, #m_entities          ; Direction of the first element in array
                             75  ;   ld     (_function_forall), bc   ; Choose the function to execute in BC
                             76 
   0089                      77 _updloop:
   0089 F5            [11]   78     push   af                       ; Save number of entities in the stack
                             79 
ASxxxx Assembler V02.00 + NoICE + SDCC mods  (Zilog Z80 / Hitachi HD64180), page 10.
Hexadecimal [16-Bits]



   008A DD 7E 00      [19]   80     ld      a, t_type(ix)           ; Entity type
   008D C6 00         [ 7]   81     add     a, #0x00                ; if = 0
   008F 28 0E         [12]   82     jr      z, _next_it_loop        ; The type is invalid
                             83 
                             84         ; the type is valid so update it
                             85         ;call (_function_forall)     ; WARNING: Destroy A and B
   0091 3A 03 00      [13]   86         ld      a, (_function_forall)
   0094 3D            [ 4]   87         dec     a
   0095 28 05         [12]   88         jr      z, function1
                             89 
   0097 CD 00 00      [17]   90             call    system_render_one_entity    ;; Cant read the content
   009A 18 03         [12]   91             jr      _next_it_loop
                             92 
   009C                      93         function1:
   009C CD 00 00      [17]   94             call    system_physics_update_one_entity
                             95 
   009F                      96 _next_it_loop:
   009F F1            [10]   97     pop     af                      ; Bring A value from stack
                             98 
   00A0 3D            [ 4]   99     dec     a                       ; One less entity
   00A1 C8            [11]  100     ret     z                       ; End loop
                            101 
   00A2 11 05 00      [10]  102     ld     de, #sizeof_t            ; Size of a entity
   00A5 DD 19         [15]  103     add    ix, de                   ; Next entity of array
   00A7 18 E0         [12]  104     jr     _updloop                 ; Go back to the loop
                            105 
                            106 
                            107 
                            108 
                            109 ;; Set entity for later destruction
                            110 ;; INPUTS
                            111 ;;      IX: Pointer to one entity for updating
                            112 ;; DESTROY
                            113 ;;      A
   00A9                     114 manager_entity_set4destruction::
   00A9 DD 36 04 00   [19]  115     ld      t_color(ix), #0x00
   00AD C9            [10]  116     ret
                            117 
                            118 
                            119 
                            120 
                            121 ;; Destroy an existent entity
                            122 ;; Only reset the position
                            123 ;; INPUTS
                            124 ;;      IX: Pointer to one entity for updating
                            125 ;; DESTROY
                            126 ;;      A
   00AE                     127 manager_entity_restart::
   00AE DD 36 01 4F   [19]  128     ld      t_x(ix), #79
   00B2 DD 36 04 FF   [19]  129     ld      t_color(ix), #0xFF
   00B6 C9            [10]  130     ret
